CRITICAL - 2024-07-18 09:01:30 --> CodeIgniter\HTTP\Exceptions\HTTPException: 60 : SSL certificate problem: unable to get local issuer certificate
[Method: GET, Route: indian-states]
in SYSTEMPATH\HTTP\CURLRequest.php on line 693.
 1 SYSTEMPATH\HTTP\CURLRequest.php(693): CodeIgniter\HTTP\Exceptions\HTTPException::forCurlError('60', 'SSL certificate problem: unable to get local issuer certificate')
 2 SYSTEMPATH\HTTP\CURLRequest.php(383): CodeIgniter\HTTP\CURLRequest->sendRequest([...])
 3 SYSTEMPATH\HTTP\CURLRequest.php(152): CodeIgniter\HTTP\CURLRequest->send('GET', 'https://countriesnow.space/api/v0.1/countries/states')
 4 APPPATH\Controllers\StatesCitiesAPI.php(13): CodeIgniter\HTTP\CURLRequest->request('GET', 'https://countriesnow.space/api/v0.1/countries/states')
 5 SYSTEMPATH\CodeIgniter.php(933): App\Controllers\StatesCitiesAPI->getIndianStates()
 6 SYSTEMPATH\CodeIgniter.php(509): CodeIgniter\CodeIgniter->runController(Object(App\Controllers\StatesCitiesAPI))
 7 SYSTEMPATH\CodeIgniter.php(355): CodeIgniter\CodeIgniter->handleRequest(null, Object(Config\Cache), false)
 8 SYSTEMPATH\Boot.php(325): CodeIgniter\CodeIgniter->run()
 9 SYSTEMPATH\Boot.php(67): CodeIgniter\Boot::runCodeIgniter(Object(CodeIgniter\CodeIgniter))
10 FCPATH\index.php(56): CodeIgniter\Boot::bootWeb(Object(Config\Paths))
CRITICAL - 2024-07-18 09:02:27 --> CodeIgniter\HTTP\Exceptions\HTTPException: 60 : SSL certificate problem: unable to get local issuer certificate
[Method: GET, Route: indian-states]
in SYSTEMPATH\HTTP\CURLRequest.php on line 693.
 1 SYSTEMPATH\HTTP\CURLRequest.php(693): CodeIgniter\HTTP\Exceptions\HTTPException::forCurlError('60', 'SSL certificate problem: unable to get local issuer certificate')
 2 SYSTEMPATH\HTTP\CURLRequest.php(383): CodeIgniter\HTTP\CURLRequest->sendRequest([...])
 3 SYSTEMPATH\HTTP\CURLRequest.php(152): CodeIgniter\HTTP\CURLRequest->send('GET', 'https://countriesnow.space/api/v0.1/countries/states')
 4 APPPATH\Controllers\StatesCitiesAPI.php(13): CodeIgniter\HTTP\CURLRequest->request('GET', 'https://countriesnow.space/api/v0.1/countries/states')
 5 SYSTEMPATH\CodeIgniter.php(933): App\Controllers\StatesCitiesAPI->getIndianStates()
 6 SYSTEMPATH\CodeIgniter.php(509): CodeIgniter\CodeIgniter->runController(Object(App\Controllers\StatesCitiesAPI))
 7 SYSTEMPATH\CodeIgniter.php(355): CodeIgniter\CodeIgniter->handleRequest(null, Object(Config\Cache), false)
 8 SYSTEMPATH\Boot.php(325): CodeIgniter\CodeIgniter->run()
 9 SYSTEMPATH\Boot.php(67): CodeIgniter\Boot::runCodeIgniter(Object(CodeIgniter\CodeIgniter))
10 FCPATH\index.php(56): CodeIgniter\Boot::bootWeb(Object(Config\Paths))
CRITICAL - 2024-07-18 09:07:11 --> CodeIgniter\HTTP\Exceptions\HTTPException: 60 : SSL certificate problem: unable to get local issuer certificate
[Method: GET, Route: indian-states]
in SYSTEMPATH\HTTP\CURLRequest.php on line 693.
 1 SYSTEMPATH\HTTP\CURLRequest.php(693): CodeIgniter\HTTP\Exceptions\HTTPException::forCurlError('60', 'SSL certificate problem: unable to get local issuer certificate')
 2 SYSTEMPATH\HTTP\CURLRequest.php(383): CodeIgniter\HTTP\CURLRequest->sendRequest([...])
 3 SYSTEMPATH\HTTP\CURLRequest.php(152): CodeIgniter\HTTP\CURLRequest->send('GET', 'https://countriesnow.space/api/v0.1/countries/states')
 4 APPPATH\Controllers\StatesCitiesAPI.php(13): CodeIgniter\HTTP\CURLRequest->request('GET', 'https://countriesnow.space/api/v0.1/countries/states')
 5 SYSTEMPATH\CodeIgniter.php(933): App\Controllers\StatesCitiesAPI->getIndianStates()
 6 SYSTEMPATH\CodeIgniter.php(509): CodeIgniter\CodeIgniter->runController(Object(App\Controllers\StatesCitiesAPI))
 7 SYSTEMPATH\CodeIgniter.php(355): CodeIgniter\CodeIgniter->handleRequest(null, Object(Config\Cache), false)
 8 SYSTEMPATH\Boot.php(325): CodeIgniter\CodeIgniter->run()
 9 SYSTEMPATH\Boot.php(67): CodeIgniter\Boot::runCodeIgniter(Object(CodeIgniter\CodeIgniter))
10 FCPATH\index.php(56): CodeIgniter\Boot::bootWeb(Object(Config\Paths))
CRITICAL - 2024-07-18 09:35:20 --> CodeIgniter\HTTP\Exceptions\HTTPException: 60 : SSL certificate problem: unable to get local issuer certificate
[Method: GET, Route: property/states]
in SYSTEMPATH\HTTP\CURLRequest.php on line 693.
 1 SYSTEMPATH\HTTP\CURLRequest.php(693): CodeIgniter\HTTP\Exceptions\HTTPException::forCurlError('60', 'SSL certificate problem: unable to get local issuer certificate')
 2 SYSTEMPATH\HTTP\CURLRequest.php(383): CodeIgniter\HTTP\CURLRequest->sendRequest([...])
 3 SYSTEMPATH\HTTP\CURLRequest.php(152): CodeIgniter\HTTP\CURLRequest->send('GET', 'https://countriesnow.space/api/v0.1/countries/states')
 4 APPPATH\Controllers\Property.php(51): CodeIgniter\HTTP\CURLRequest->request('GET', 'https://countriesnow.space/api/v0.1/countries/states')
 5 SYSTEMPATH\CodeIgniter.php(933): App\Controllers\Property->getIndianStates()
 6 SYSTEMPATH\CodeIgniter.php(509): CodeIgniter\CodeIgniter->runController(Object(App\Controllers\Property))
 7 SYSTEMPATH\CodeIgniter.php(355): CodeIgniter\CodeIgniter->handleRequest(null, Object(Config\Cache), false)
 8 SYSTEMPATH\Boot.php(325): CodeIgniter\CodeIgniter->run()
 9 SYSTEMPATH\Boot.php(67): CodeIgniter\Boot::runCodeIgniter(Object(CodeIgniter\CodeIgniter))
10 FCPATH\index.php(56): CodeIgniter\Boot::bootWeb(Object(Config\Paths))
CRITICAL - 2024-07-18 09:35:49 --> CodeIgniter\HTTP\Exceptions\HTTPException: 60 : SSL certificate problem: unable to get local issuer certificate
[Method: GET, Route: property/states]
in SYSTEMPATH\HTTP\CURLRequest.php on line 693.
 1 SYSTEMPATH\HTTP\CURLRequest.php(693): CodeIgniter\HTTP\Exceptions\HTTPException::forCurlError('60', 'SSL certificate problem: unable to get local issuer certificate')
 2 SYSTEMPATH\HTTP\CURLRequest.php(383): CodeIgniter\HTTP\CURLRequest->sendRequest([...])
 3 SYSTEMPATH\HTTP\CURLRequest.php(152): CodeIgniter\HTTP\CURLRequest->send('GET', 'https://countriesnow.space/api/v0.1/countries/states')
 4 APPPATH\Controllers\Property.php(51): CodeIgniter\HTTP\CURLRequest->request('GET', 'https://countriesnow.space/api/v0.1/countries/states')
 5 SYSTEMPATH\CodeIgniter.php(933): App\Controllers\Property->getIndianStates()
 6 SYSTEMPATH\CodeIgniter.php(509): CodeIgniter\CodeIgniter->runController(Object(App\Controllers\Property))
 7 SYSTEMPATH\CodeIgniter.php(355): CodeIgniter\CodeIgniter->handleRequest(null, Object(Config\Cache), false)
 8 SYSTEMPATH\Boot.php(325): CodeIgniter\CodeIgniter->run()
 9 SYSTEMPATH\Boot.php(67): CodeIgniter\Boot::runCodeIgniter(Object(CodeIgniter\CodeIgniter))
10 FCPATH\index.php(56): CodeIgniter\Boot::bootWeb(Object(Config\Paths))
CRITICAL - 2024-07-18 09:36:53 --> CodeIgniter\HTTP\Exceptions\HTTPException: 60 : SSL certificate problem: unable to get local issuer certificate
[Method: GET, Route: property/states]
in SYSTEMPATH\HTTP\CURLRequest.php on line 693.
 1 SYSTEMPATH\HTTP\CURLRequest.php(693): CodeIgniter\HTTP\Exceptions\HTTPException::forCurlError('60', 'SSL certificate problem: unable to get local issuer certificate')
 2 SYSTEMPATH\HTTP\CURLRequest.php(383): CodeIgniter\HTTP\CURLRequest->sendRequest([...])
 3 SYSTEMPATH\HTTP\CURLRequest.php(152): CodeIgniter\HTTP\CURLRequest->send('GET', 'https://countriesnow.space/api/v0.1/countries/states')
 4 APPPATH\Controllers\Property.php(51): CodeIgniter\HTTP\CURLRequest->request('GET', 'https://countriesnow.space/api/v0.1/countries/states')
 5 SYSTEMPATH\CodeIgniter.php(933): App\Controllers\Property->getIndianStates()
 6 SYSTEMPATH\CodeIgniter.php(509): CodeIgniter\CodeIgniter->runController(Object(App\Controllers\Property))
 7 SYSTEMPATH\CodeIgniter.php(355): CodeIgniter\CodeIgniter->handleRequest(null, Object(Config\Cache), false)
 8 SYSTEMPATH\Boot.php(325): CodeIgniter\CodeIgniter->run()
 9 SYSTEMPATH\Boot.php(67): CodeIgniter\Boot::runCodeIgniter(Object(CodeIgniter\CodeIgniter))
10 FCPATH\index.php(56): CodeIgniter\Boot::bootWeb(Object(Config\Paths))
CRITICAL - 2024-07-18 09:41:59 --> Error: Object of class CodeIgniter\HTTP\Response could not be converted to string
[Method: GET, Route: property/states]
in APPPATH\Controllers\Property.php on line 52.
 1 SYSTEMPATH\CodeIgniter.php(933): App\Controllers\Property->getIndianStates()
 2 SYSTEMPATH\CodeIgniter.php(509): CodeIgniter\CodeIgniter->runController(Object(App\Controllers\Property))
 3 SYSTEMPATH\CodeIgniter.php(355): CodeIgniter\CodeIgniter->handleRequest(null, Object(Config\Cache), false)
 4 SYSTEMPATH\Boot.php(325): CodeIgniter\CodeIgniter->run()
 5 SYSTEMPATH\Boot.php(67): CodeIgniter\Boot::runCodeIgniter(Object(CodeIgniter\CodeIgniter))
 6 FCPATH\index.php(56): CodeIgniter\Boot::bootWeb(Object(Config\Paths))
ERROR - 2024-07-18 10:38:48 --> mysqli_sql_exception: Table 'mediresale.states' doesn't exist in C:\xampp\htdocs\mediresaleold\system\Database\MySQLi\Connection.php:312
Stack trace:
#0 C:\xampp\htdocs\mediresaleold\system\Database\MySQLi\Connection.php(312): mysqli->query('SELECT *\nFROM `...', 0)
#1 C:\xampp\htdocs\mediresaleold\system\Database\BaseConnection.php(734): CodeIgniter\Database\MySQLi\Connection->execute('SELECT *\nFROM `...')
#2 C:\xampp\htdocs\mediresaleold\system\Database\BaseConnection.php(648): CodeIgniter\Database\BaseConnection->simpleQuery('SELECT *\nFROM `...')
#3 C:\xampp\htdocs\mediresaleold\system\Database\BaseBuilder.php(1636): CodeIgniter\Database\BaseConnection->query('SELECT *\nFROM `...', Array, false)
#4 C:\xampp\htdocs\mediresaleold\app\Models\CommonModel.php(13): CodeIgniter\Database\BaseBuilder->get()
#5 C:\xampp\htdocs\mediresaleold\app\Controllers\Property.php(14): App\Models\CommonModel->selectData('states')
#6 C:\xampp\htdocs\mediresaleold\system\CodeIgniter.php(933): App\Controllers\Property->property()
#7 C:\xampp\htdocs\mediresaleold\system\CodeIgniter.php(509): CodeIgniter\CodeIgniter->runController(Object(App\Controllers\Property))
#8 C:\xampp\htdocs\mediresaleold\system\CodeIgniter.php(355): CodeIgniter\CodeIgniter->handleRequest(NULL, Object(Config\Cache), false)
#9 C:\xampp\htdocs\mediresaleold\system\Boot.php(325): CodeIgniter\CodeIgniter->run()
#10 C:\xampp\htdocs\mediresaleold\system\Boot.php(67): CodeIgniter\Boot::runCodeIgniter(Object(CodeIgniter\CodeIgniter))
#11 C:\xampp\htdocs\mediresaleold\index.php(56): CodeIgniter\Boot::bootWeb(Object(Config\Paths))
#12 {main}
CRITICAL - 2024-07-18 10:38:48 --> CodeIgniter\Database\Exceptions\DatabaseException: Table 'mediresale.states' doesn't exist
[Method: GET, Route: property]
in SYSTEMPATH\Database\BaseConnection.php on line 688.
 1 SYSTEMPATH\Database\BaseBuilder.php(1636): CodeIgniter\Database\BaseConnection->query('SELECT *
FROM `states`', [], false)
 2 APPPATH\Models\CommonModel.php(13): CodeIgniter\Database\BaseBuilder->get()
 3 APPPATH\Controllers\Property.php(14): App\Models\CommonModel->selectData('states')
 4 SYSTEMPATH\CodeIgniter.php(933): App\Controllers\Property->property()
 5 SYSTEMPATH\CodeIgniter.php(509): CodeIgniter\CodeIgniter->runController(Object(App\Controllers\Property))
 6 SYSTEMPATH\CodeIgniter.php(355): CodeIgniter\CodeIgniter->handleRequest(null, Object(Config\Cache), false)
 7 SYSTEMPATH\Boot.php(325): CodeIgniter\CodeIgniter->run()
 8 SYSTEMPATH\Boot.php(67): CodeIgniter\Boot::runCodeIgniter(Object(CodeIgniter\CodeIgniter))
 9 FCPATH\index.php(56): CodeIgniter\Boot::bootWeb(Object(Config\Paths))
CRITICAL - 2024-07-18 10:38:48 --> [Caused by] CodeIgniter\Database\Exceptions\DatabaseException: Table 'mediresale.states' doesn't exist
in SYSTEMPATH\Database\MySQLi\Connection.php on line 317.
 1 SYSTEMPATH\Database\BaseConnection.php(734): CodeIgniter\Database\MySQLi\Connection->execute('SELECT *
FROM `states`')
 2 SYSTEMPATH\Database\BaseConnection.php(648): CodeIgniter\Database\BaseConnection->simpleQuery('SELECT *
FROM `states`')
 3 SYSTEMPATH\Database\BaseBuilder.php(1636): CodeIgniter\Database\BaseConnection->query('SELECT *
FROM `states`', [], false)
 4 APPPATH\Models\CommonModel.php(13): CodeIgniter\Database\BaseBuilder->get()
 5 APPPATH\Controllers\Property.php(14): App\Models\CommonModel->selectData('states')
 6 SYSTEMPATH\CodeIgniter.php(933): App\Controllers\Property->property()
 7 SYSTEMPATH\CodeIgniter.php(509): CodeIgniter\CodeIgniter->runController(Object(App\Controllers\Property))
 8 SYSTEMPATH\CodeIgniter.php(355): CodeIgniter\CodeIgniter->handleRequest(null, Object(Config\Cache), false)
 9 SYSTEMPATH\Boot.php(325): CodeIgniter\CodeIgniter->run()
10 SYSTEMPATH\Boot.php(67): CodeIgniter\Boot::runCodeIgniter(Object(CodeIgniter\CodeIgniter))
11 FCPATH\index.php(56): CodeIgniter\Boot::bootWeb(Object(Config\Paths))
CRITICAL - 2024-07-18 10:38:48 --> [Caused by] mysqli_sql_exception: Table 'mediresale.states' doesn't exist
in SYSTEMPATH\Database\MySQLi\Connection.php on line 312.
 1 SYSTEMPATH\Database\MySQLi\Connection.php(312): mysqli->query('SELECT *
FROM `states`', 0)
 2 SYSTEMPATH\Database\BaseConnection.php(734): CodeIgniter\Database\MySQLi\Connection->execute('SELECT *
FROM `states`')
 3 SYSTEMPATH\Database\BaseConnection.php(648): CodeIgniter\Database\BaseConnection->simpleQuery('SELECT *
FROM `states`')
 4 SYSTEMPATH\Database\BaseBuilder.php(1636): CodeIgniter\Database\BaseConnection->query('SELECT *
FROM `states`', [], false)
 5 APPPATH\Models\CommonModel.php(13): CodeIgniter\Database\BaseBuilder->get()
 6 APPPATH\Controllers\Property.php(14): App\Models\CommonModel->selectData('states')
 7 SYSTEMPATH\CodeIgniter.php(933): App\Controllers\Property->property()
 8 SYSTEMPATH\CodeIgniter.php(509): CodeIgniter\CodeIgniter->runController(Object(App\Controllers\Property))
 9 SYSTEMPATH\CodeIgniter.php(355): CodeIgniter\CodeIgniter->handleRequest(null, Object(Config\Cache), false)
10 SYSTEMPATH\Boot.php(325): CodeIgniter\CodeIgniter->run()
11 SYSTEMPATH\Boot.php(67): CodeIgniter\Boot::runCodeIgniter(Object(CodeIgniter\CodeIgniter))
12 FCPATH\index.php(56): CodeIgniter\Boot::bootWeb(Object(Config\Paths))
CRITICAL - 2024-07-18 10:51:14 --> ErrorException: Undefined variable $data
[Method: GET, Route: property]
in APPPATH\Controllers\Property.php on line 20.
 1 APPPATH\Controllers\Property.php(20): CodeIgniter\Debug\Exceptions->errorHandler(2, 'Undefined variable $data', 'C:\\xampp\\htdocs\\mediresaleold\\app\\Controllers\\Property.php', 20)
 2 SYSTEMPATH\CodeIgniter.php(933): App\Controllers\Property->property()
 3 SYSTEMPATH\CodeIgniter.php(509): CodeIgniter\CodeIgniter->runController(Object(App\Controllers\Property))
 4 SYSTEMPATH\CodeIgniter.php(355): CodeIgniter\CodeIgniter->handleRequest(null, Object(Config\Cache), false)
 5 SYSTEMPATH\Boot.php(325): CodeIgniter\CodeIgniter->run()
 6 SYSTEMPATH\Boot.php(67): CodeIgniter\Boot::runCodeIgniter(Object(CodeIgniter\CodeIgniter))
 7 FCPATH\index.php(56): CodeIgniter\Boot::bootWeb(Object(Config\Paths))
CRITICAL - 2024-07-18 11:35:34 --> ErrorException: Array to string conversion
[Method: POST, Route: cities]
in APPPATH\Controllers\Property.php on line 29.
 1 APPPATH\Controllers\Property.php(29): CodeIgniter\Debug\Exceptions->errorHandler(2, 'Array to string conversion', 'C:\\xampp\\htdocs\\mediresaleold\\app\\Controllers\\Property.php', 29)
 2 SYSTEMPATH\CodeIgniter.php(933): App\Controllers\Property->cities()
 3 SYSTEMPATH\CodeIgniter.php(509): CodeIgniter\CodeIgniter->runController(Object(App\Controllers\Property))
 4 SYSTEMPATH\CodeIgniter.php(355): CodeIgniter\CodeIgniter->handleRequest(null, Object(Config\Cache), false)
 5 SYSTEMPATH\Boot.php(325): CodeIgniter\CodeIgniter->run()
 6 SYSTEMPATH\Boot.php(67): CodeIgniter\Boot::runCodeIgniter(Object(CodeIgniter\CodeIgniter))
 7 FCPATH\index.php(56): CodeIgniter\Boot::bootWeb(Object(Config\Paths))
CRITICAL - 2024-07-18 11:38:01 --> ErrorException: Array to string conversion
[Method: POST, Route: cities]
in APPPATH\Controllers\Property.php on line 29.
 1 APPPATH\Controllers\Property.php(29): CodeIgniter\Debug\Exceptions->errorHandler(2, 'Array to string conversion', 'C:\\xampp\\htdocs\\mediresaleold\\app\\Controllers\\Property.php', 29)
 2 SYSTEMPATH\CodeIgniter.php(933): App\Controllers\Property->cities()
 3 SYSTEMPATH\CodeIgniter.php(509): CodeIgniter\CodeIgniter->runController(Object(App\Controllers\Property))
 4 SYSTEMPATH\CodeIgniter.php(355): CodeIgniter\CodeIgniter->handleRequest(null, Object(Config\Cache), false)
 5 SYSTEMPATH\Boot.php(325): CodeIgniter\CodeIgniter->run()
 6 SYSTEMPATH\Boot.php(67): CodeIgniter\Boot::runCodeIgniter(Object(CodeIgniter\CodeIgniter))
 7 FCPATH\index.php(56): CodeIgniter\Boot::bootWeb(Object(Config\Paths))
CRITICAL - 2024-07-18 11:46:05 --> ErrorException: Undefined property: stdClass::$name
[Method: POST, Route: cities]
in APPPATH\Controllers\Property.php on line 33.
 1 APPPATH\Controllers\Property.php(33): CodeIgniter\Debug\Exceptions->errorHandler(2, 'Undefined property: stdClass::$name', 'C:\\xampp\\htdocs\\mediresaleold\\app\\Controllers\\Property.php', 33)
 2 SYSTEMPATH\CodeIgniter.php(933): App\Controllers\Property->cities()
 3 SYSTEMPATH\CodeIgniter.php(509): CodeIgniter\CodeIgniter->runController(Object(App\Controllers\Property))
 4 SYSTEMPATH\CodeIgniter.php(355): CodeIgniter\CodeIgniter->handleRequest(null, Object(Config\Cache), false)
 5 SYSTEMPATH\Boot.php(325): CodeIgniter\CodeIgniter->run()
 6 SYSTEMPATH\Boot.php(67): CodeIgniter\Boot::runCodeIgniter(Object(CodeIgniter\CodeIgniter))
 7 FCPATH\index.php(56): CodeIgniter\Boot::bootWeb(Object(Config\Paths))
CRITICAL - 2024-07-18 11:48:13 --> ErrorException: Undefined property: stdClass::$name
[Method: POST, Route: cities]
in APPPATH\Controllers\Property.php on line 33.
 1 APPPATH\Controllers\Property.php(33): CodeIgniter\Debug\Exceptions->errorHandler(2, 'Undefined property: stdClass::$name', 'C:\\xampp\\htdocs\\mediresaleold\\app\\Controllers\\Property.php', 33)
 2 SYSTEMPATH\CodeIgniter.php(933): App\Controllers\Property->cities()
 3 SYSTEMPATH\CodeIgniter.php(509): CodeIgniter\CodeIgniter->runController(Object(App\Controllers\Property))
 4 SYSTEMPATH\CodeIgniter.php(355): CodeIgniter\CodeIgniter->handleRequest(null, Object(Config\Cache), false)
 5 SYSTEMPATH\Boot.php(325): CodeIgniter\CodeIgniter->run()
 6 SYSTEMPATH\Boot.php(67): CodeIgniter\Boot::runCodeIgniter(Object(CodeIgniter\CodeIgniter))
 7 FCPATH\index.php(56): CodeIgniter\Boot::bootWeb(Object(Config\Paths))
CRITICAL - 2024-07-18 11:49:33 --> ErrorException: Undefined property: stdClass::$name
[Method: POST, Route: cities]
in APPPATH\Controllers\Property.php on line 33.
 1 APPPATH\Controllers\Property.php(33): CodeIgniter\Debug\Exceptions->errorHandler(2, 'Undefined property: stdClass::$name', 'C:\\xampp\\htdocs\\mediresaleold\\app\\Controllers\\Property.php', 33)
 2 SYSTEMPATH\CodeIgniter.php(933): App\Controllers\Property->cities()
 3 SYSTEMPATH\CodeIgniter.php(509): CodeIgniter\CodeIgniter->runController(Object(App\Controllers\Property))
 4 SYSTEMPATH\CodeIgniter.php(355): CodeIgniter\CodeIgniter->handleRequest(null, Object(Config\Cache), false)
 5 SYSTEMPATH\Boot.php(325): CodeIgniter\CodeIgniter->run()
 6 SYSTEMPATH\Boot.php(67): CodeIgniter\Boot::runCodeIgniter(Object(CodeIgniter\CodeIgniter))
 7 FCPATH\index.php(56): CodeIgniter\Boot::bootWeb(Object(Config\Paths))
CRITICAL - 2024-07-18 11:53:48 --> ErrorException: Undefined property: stdClass::$name
[Method: POST, Route: cities]
in APPPATH\Controllers\Property.php on line 33.
 1 APPPATH\Controllers\Property.php(33): CodeIgniter\Debug\Exceptions->errorHandler(2, 'Undefined property: stdClass::$name', 'C:\\xampp\\htdocs\\mediresaleold\\app\\Controllers\\Property.php', 33)
 2 SYSTEMPATH\CodeIgniter.php(933): App\Controllers\Property->cities()
 3 SYSTEMPATH\CodeIgniter.php(509): CodeIgniter\CodeIgniter->runController(Object(App\Controllers\Property))
 4 SYSTEMPATH\CodeIgniter.php(355): CodeIgniter\CodeIgniter->handleRequest(null, Object(Config\Cache), false)
 5 SYSTEMPATH\Boot.php(325): CodeIgniter\CodeIgniter->run()
 6 SYSTEMPATH\Boot.php(67): CodeIgniter\Boot::runCodeIgniter(Object(CodeIgniter\CodeIgniter))
 7 FCPATH\index.php(56): CodeIgniter\Boot::bootWeb(Object(Config\Paths))
CRITICAL - 2024-07-18 11:54:39 --> ErrorException: Undefined property: stdClass::$name
[Method: POST, Route: cities]
in APPPATH\Controllers\Property.php on line 33.
 1 APPPATH\Controllers\Property.php(33): CodeIgniter\Debug\Exceptions->errorHandler(2, 'Undefined property: stdClass::$name', 'C:\\xampp\\htdocs\\mediresaleold\\app\\Controllers\\Property.php', 33)
 2 SYSTEMPATH\CodeIgniter.php(933): App\Controllers\Property->cities()
 3 SYSTEMPATH\CodeIgniter.php(509): CodeIgniter\CodeIgniter->runController(Object(App\Controllers\Property))
 4 SYSTEMPATH\CodeIgniter.php(355): CodeIgniter\CodeIgniter->handleRequest(null, Object(Config\Cache), false)
 5 SYSTEMPATH\Boot.php(325): CodeIgniter\CodeIgniter->run()
 6 SYSTEMPATH\Boot.php(67): CodeIgniter\Boot::runCodeIgniter(Object(CodeIgniter\CodeIgniter))
 7 FCPATH\index.php(56): CodeIgniter\Boot::bootWeb(Object(Config\Paths))
CRITICAL - 2024-07-18 11:58:17 --> ErrorException: Undefined property: stdClass::$name
[Method: POST, Route: cities]
in APPPATH\Controllers\Property.php on line 33.
 1 APPPATH\Controllers\Property.php(33): CodeIgniter\Debug\Exceptions->errorHandler(2, 'Undefined property: stdClass::$name', 'C:\\xampp\\htdocs\\mediresaleold\\app\\Controllers\\Property.php', 33)
 2 SYSTEMPATH\CodeIgniter.php(933): App\Controllers\Property->cities()
 3 SYSTEMPATH\CodeIgniter.php(509): CodeIgniter\CodeIgniter->runController(Object(App\Controllers\Property))
 4 SYSTEMPATH\CodeIgniter.php(355): CodeIgniter\CodeIgniter->handleRequest(null, Object(Config\Cache), false)
 5 SYSTEMPATH\Boot.php(325): CodeIgniter\CodeIgniter->run()
 6 SYSTEMPATH\Boot.php(67): CodeIgniter\Boot::runCodeIgniter(Object(CodeIgniter\CodeIgniter))
 7 FCPATH\index.php(56): CodeIgniter\Boot::bootWeb(Object(Config\Paths))
CRITICAL - 2024-07-18 11:58:22 --> ErrorException: Undefined property: stdClass::$name
[Method: POST, Route: cities]
in APPPATH\Controllers\Property.php on line 33.
 1 APPPATH\Controllers\Property.php(33): CodeIgniter\Debug\Exceptions->errorHandler(2, 'Undefined property: stdClass::$name', 'C:\\xampp\\htdocs\\mediresaleold\\app\\Controllers\\Property.php', 33)
 2 SYSTEMPATH\CodeIgniter.php(933): App\Controllers\Property->cities()
 3 SYSTEMPATH\CodeIgniter.php(509): CodeIgniter\CodeIgniter->runController(Object(App\Controllers\Property))
 4 SYSTEMPATH\CodeIgniter.php(355): CodeIgniter\CodeIgniter->handleRequest(null, Object(Config\Cache), false)
 5 SYSTEMPATH\Boot.php(325): CodeIgniter\CodeIgniter->run()
 6 SYSTEMPATH\Boot.php(67): CodeIgniter\Boot::runCodeIgniter(Object(CodeIgniter\CodeIgniter))
 7 FCPATH\index.php(56): CodeIgniter\Boot::bootWeb(Object(Config\Paths))
CRITICAL - 2024-07-18 11:58:56 --> ErrorException: Undefined property: stdClass::$name
[Method: POST, Route: cities]
in APPPATH\Controllers\Property.php on line 33.
 1 APPPATH\Controllers\Property.php(33): CodeIgniter\Debug\Exceptions->errorHandler(2, 'Undefined property: stdClass::$name', 'C:\\xampp\\htdocs\\mediresaleold\\app\\Controllers\\Property.php', 33)
 2 SYSTEMPATH\CodeIgniter.php(933): App\Controllers\Property->cities()
 3 SYSTEMPATH\CodeIgniter.php(509): CodeIgniter\CodeIgniter->runController(Object(App\Controllers\Property))
 4 SYSTEMPATH\CodeIgniter.php(355): CodeIgniter\CodeIgniter->handleRequest(null, Object(Config\Cache), false)
 5 SYSTEMPATH\Boot.php(325): CodeIgniter\CodeIgniter->run()
 6 SYSTEMPATH\Boot.php(67): CodeIgniter\Boot::runCodeIgniter(Object(CodeIgniter\CodeIgniter))
 7 FCPATH\index.php(56): CodeIgniter\Boot::bootWeb(Object(Config\Paths))
CRITICAL - 2024-07-18 12:14:50 --> Error: Call to undefined function App\Controllers\jason_encode()
[Method: POST, Route: cities]
in APPPATH\Controllers\Property.php on line 35.
 1 SYSTEMPATH\CodeIgniter.php(933): App\Controllers\Property->cities()
 2 SYSTEMPATH\CodeIgniter.php(509): CodeIgniter\CodeIgniter->runController(Object(App\Controllers\Property))
 3 SYSTEMPATH\CodeIgniter.php(355): CodeIgniter\CodeIgniter->handleRequest(null, Object(Config\Cache), false)
 4 SYSTEMPATH\Boot.php(325): CodeIgniter\CodeIgniter->run()
 5 SYSTEMPATH\Boot.php(67): CodeIgniter\Boot::runCodeIgniter(Object(CodeIgniter\CodeIgniter))
 6 FCPATH\index.php(56): CodeIgniter\Boot::bootWeb(Object(Config\Paths))
ERROR - 2024-07-18 12:38:04 --> mysqli_sql_exception: Column 'address' cannot be null in C:\xampp\htdocs\mediresaleold\system\Database\MySQLi\Connection.php:312
Stack trace:
#0 C:\xampp\htdocs\mediresaleold\system\Database\MySQLi\Connection.php(312): mysqli->query('INSERT INTO `pr...', 0)
#1 C:\xampp\htdocs\mediresaleold\system\Database\BaseConnection.php(734): CodeIgniter\Database\MySQLi\Connection->execute('INSERT INTO `pr...')
#2 C:\xampp\htdocs\mediresaleold\system\Database\BaseConnection.php(648): CodeIgniter\Database\BaseConnection->simpleQuery('INSERT INTO `pr...')
#3 C:\xampp\htdocs\mediresaleold\system\Database\BaseBuilder.php(2332): CodeIgniter\Database\BaseConnection->query('INSERT INTO `pr...', Array, false)
#4 C:\xampp\htdocs\mediresaleold\system\Model.php(394): CodeIgniter\Database\BaseBuilder->insert()
#5 C:\xampp\htdocs\mediresaleold\system\BaseModel.php(840): CodeIgniter\Model->doInsert(Array)
#6 C:\xampp\htdocs\mediresaleold\system\Model.php(802): CodeIgniter\BaseModel->insert(Array, false)
#7 C:\xampp\htdocs\mediresaleold\system\BaseModel.php(751): CodeIgniter\Model->insert(Array, false)
#8 C:\xampp\htdocs\mediresaleold\app\Controllers\Property.php(68): CodeIgniter\BaseModel->save(Array)
#9 C:\xampp\htdocs\mediresaleold\system\CodeIgniter.php(933): App\Controllers\Property->add_property()
#10 C:\xampp\htdocs\mediresaleold\system\CodeIgniter.php(509): CodeIgniter\CodeIgniter->runController(Object(App\Controllers\Property))
#11 C:\xampp\htdocs\mediresaleold\system\CodeIgniter.php(355): CodeIgniter\CodeIgniter->handleRequest(NULL, Object(Config\Cache), false)
#12 C:\xampp\htdocs\mediresaleold\system\Boot.php(325): CodeIgniter\CodeIgniter->run()
#13 C:\xampp\htdocs\mediresaleold\system\Boot.php(67): CodeIgniter\Boot::runCodeIgniter(Object(CodeIgniter\CodeIgniter))
#14 C:\xampp\htdocs\mediresaleold\index.php(56): CodeIgniter\Boot::bootWeb(Object(Config\Paths))
#15 {main}
CRITICAL - 2024-07-18 12:38:04 --> CodeIgniter\Database\Exceptions\DatabaseException: Column 'address' cannot be null
[Method: POST, Route: property/add_property]
in SYSTEMPATH\Database\BaseConnection.php on line 688.
 1 SYSTEMPATH\Database\BaseBuilder.php(2332): CodeIgniter\Database\BaseConnection->query('INSERT INTO `property` (`name`, `description`, `state`, `city`, `address`, `built_year`, `total_area`, `price`, `parking`) VALUES (:name:, :description:, :state:, :city:, :address:, :built_year:, :total_area:, :price:, :parking:)', [...], false)
 2 SYSTEMPATH\Model.php(394): CodeIgniter\Database\BaseBuilder->insert()
 3 SYSTEMPATH\BaseModel.php(840): CodeIgniter\Model->doInsert([...])
 4 SYSTEMPATH\Model.php(802): CodeIgniter\BaseModel->insert([...], false)
 5 SYSTEMPATH\BaseModel.php(751): CodeIgniter\Model->insert([...], false)
 6 APPPATH\Controllers\Property.php(68): CodeIgniter\BaseModel->save([...])
 7 SYSTEMPATH\CodeIgniter.php(933): App\Controllers\Property->add_property()
 8 SYSTEMPATH\CodeIgniter.php(509): CodeIgniter\CodeIgniter->runController(Object(App\Controllers\Property))
 9 SYSTEMPATH\CodeIgniter.php(355): CodeIgniter\CodeIgniter->handleRequest(null, Object(Config\Cache), false)
10 SYSTEMPATH\Boot.php(325): CodeIgniter\CodeIgniter->run()
11 SYSTEMPATH\Boot.php(67): CodeIgniter\Boot::runCodeIgniter(Object(CodeIgniter\CodeIgniter))
12 FCPATH\index.php(56): CodeIgniter\Boot::bootWeb(Object(Config\Paths))
CRITICAL - 2024-07-18 12:38:04 --> [Caused by] CodeIgniter\Database\Exceptions\DatabaseException: Column 'address' cannot be null
in SYSTEMPATH\Database\MySQLi\Connection.php on line 317.
 1 SYSTEMPATH\Database\BaseConnection.php(734): CodeIgniter\Database\MySQLi\Connection->execute('INSERT INTO `property` (`name`, `description`, `state`, `city`, `address`, `built_year`, `total_area`, `price`, `parking`) VALUES (\'babau\', \'<p>ventilater</p>\', \'7\', \'179\', NULL, \'66\', \'12\', \'12\', \'available\')')
 2 SYSTEMPATH\Database\BaseConnection.php(648): CodeIgniter\Database\BaseConnection->simpleQuery('INSERT INTO `property` (`name`, `description`, `state`, `city`, `address`, `built_year`, `total_area`, `price`, `parking`) VALUES (\'babau\', \'<p>ventilater</p>\', \'7\', \'179\', NULL, \'66\', \'12\', \'12\', \'available\')')
 3 SYSTEMPATH\Database\BaseBuilder.php(2332): CodeIgniter\Database\BaseConnection->query('INSERT INTO `property` (`name`, `description`, `state`, `city`, `address`, `built_year`, `total_area`, `price`, `parking`) VALUES (:name:, :description:, :state:, :city:, :address:, :built_year:, :total_area:, :price:, :parking:)', [...], false)
 4 SYSTEMPATH\Model.php(394): CodeIgniter\Database\BaseBuilder->insert()
 5 SYSTEMPATH\BaseModel.php(840): CodeIgniter\Model->doInsert([...])
 6 SYSTEMPATH\Model.php(802): CodeIgniter\BaseModel->insert([...], false)
 7 SYSTEMPATH\BaseModel.php(751): CodeIgniter\Model->insert([...], false)
 8 APPPATH\Controllers\Property.php(68): CodeIgniter\BaseModel->save([...])
 9 SYSTEMPATH\CodeIgniter.php(933): App\Controllers\Property->add_property()
10 SYSTEMPATH\CodeIgniter.php(509): CodeIgniter\CodeIgniter->runController(Object(App\Controllers\Property))
11 SYSTEMPATH\CodeIgniter.php(355): CodeIgniter\CodeIgniter->handleRequest(null, Object(Config\Cache), false)
12 SYSTEMPATH\Boot.php(325): CodeIgniter\CodeIgniter->run()
13 SYSTEMPATH\Boot.php(67): CodeIgniter\Boot::runCodeIgniter(Object(CodeIgniter\CodeIgniter))
14 FCPATH\index.php(56): CodeIgniter\Boot::bootWeb(Object(Config\Paths))
CRITICAL - 2024-07-18 12:38:04 --> [Caused by] mysqli_sql_exception: Column 'address' cannot be null
in SYSTEMPATH\Database\MySQLi\Connection.php on line 312.
 1 SYSTEMPATH\Database\MySQLi\Connection.php(312): mysqli->query('INSERT INTO `property` (`name`, `description`, `state`, `city`, `address`, `built_year`, `total_area`, `price`, `parking`) VALUES (\'babau\', \'<p>ventilater</p>\', \'7\', \'179\', NULL, \'66\', \'12\', \'12\', \'available\')', 0)
 2 SYSTEMPATH\Database\BaseConnection.php(734): CodeIgniter\Database\MySQLi\Connection->execute('INSERT INTO `property` (`name`, `description`, `state`, `city`, `address`, `built_year`, `total_area`, `price`, `parking`) VALUES (\'babau\', \'<p>ventilater</p>\', \'7\', \'179\', NULL, \'66\', \'12\', \'12\', \'available\')')
 3 SYSTEMPATH\Database\BaseConnection.php(648): CodeIgniter\Database\BaseConnection->simpleQuery('INSERT INTO `property` (`name`, `description`, `state`, `city`, `address`, `built_year`, `total_area`, `price`, `parking`) VALUES (\'babau\', \'<p>ventilater</p>\', \'7\', \'179\', NULL, \'66\', \'12\', \'12\', \'available\')')
 4 SYSTEMPATH\Database\BaseBuilder.php(2332): CodeIgniter\Database\BaseConnection->query('INSERT INTO `property` (`name`, `description`, `state`, `city`, `address`, `built_year`, `total_area`, `price`, `parking`) VALUES (:name:, :description:, :state:, :city:, :address:, :built_year:, :total_area:, :price:, :parking:)', [...], false)
 5 SYSTEMPATH\Model.php(394): CodeIgniter\Database\BaseBuilder->insert()
 6 SYSTEMPATH\BaseModel.php(840): CodeIgniter\Model->doInsert([...])
 7 SYSTEMPATH\Model.php(802): CodeIgniter\BaseModel->insert([...], false)
 8 SYSTEMPATH\BaseModel.php(751): CodeIgniter\Model->insert([...], false)
 9 APPPATH\Controllers\Property.php(68): CodeIgniter\BaseModel->save([...])
10 SYSTEMPATH\CodeIgniter.php(933): App\Controllers\Property->add_property()
11 SYSTEMPATH\CodeIgniter.php(509): CodeIgniter\CodeIgniter->runController(Object(App\Controllers\Property))
12 SYSTEMPATH\CodeIgniter.php(355): CodeIgniter\CodeIgniter->handleRequest(null, Object(Config\Cache), false)
13 SYSTEMPATH\Boot.php(325): CodeIgniter\CodeIgniter->run()
14 SYSTEMPATH\Boot.php(67): CodeIgniter\Boot::runCodeIgniter(Object(CodeIgniter\CodeIgniter))
15 FCPATH\index.php(56): CodeIgniter\Boot::bootWeb(Object(Config\Paths))
ERROR - 2024-07-18 12:39:26 --> mysqli_sql_exception: Column 'zipcode' cannot be null in C:\xampp\htdocs\mediresaleold\system\Database\MySQLi\Connection.php:312
Stack trace:
#0 C:\xampp\htdocs\mediresaleold\system\Database\MySQLi\Connection.php(312): mysqli->query('INSERT INTO `pr...', 0)
#1 C:\xampp\htdocs\mediresaleold\system\Database\BaseConnection.php(734): CodeIgniter\Database\MySQLi\Connection->execute('INSERT INTO `pr...')
#2 C:\xampp\htdocs\mediresaleold\system\Database\BaseConnection.php(648): CodeIgniter\Database\BaseConnection->simpleQuery('INSERT INTO `pr...')
#3 C:\xampp\htdocs\mediresaleold\system\Database\BaseBuilder.php(2332): CodeIgniter\Database\BaseConnection->query('INSERT INTO `pr...', Array, false)
#4 C:\xampp\htdocs\mediresaleold\system\Model.php(394): CodeIgniter\Database\BaseBuilder->insert()
#5 C:\xampp\htdocs\mediresaleold\system\BaseModel.php(840): CodeIgniter\Model->doInsert(Array)
#6 C:\xampp\htdocs\mediresaleold\system\Model.php(802): CodeIgniter\BaseModel->insert(Array, false)
#7 C:\xampp\htdocs\mediresaleold\system\BaseModel.php(751): CodeIgniter\Model->insert(Array, false)
#8 C:\xampp\htdocs\mediresaleold\app\Controllers\Property.php(68): CodeIgniter\BaseModel->save(Array)
#9 C:\xampp\htdocs\mediresaleold\system\CodeIgniter.php(933): App\Controllers\Property->add_property()
#10 C:\xampp\htdocs\mediresaleold\system\CodeIgniter.php(509): CodeIgniter\CodeIgniter->runController(Object(App\Controllers\Property))
#11 C:\xampp\htdocs\mediresaleold\system\CodeIgniter.php(355): CodeIgniter\CodeIgniter->handleRequest(NULL, Object(Config\Cache), false)
#12 C:\xampp\htdocs\mediresaleold\system\Boot.php(325): CodeIgniter\CodeIgniter->run()
#13 C:\xampp\htdocs\mediresaleold\system\Boot.php(67): CodeIgniter\Boot::runCodeIgniter(Object(CodeIgniter\CodeIgniter))
#14 C:\xampp\htdocs\mediresaleold\index.php(56): CodeIgniter\Boot::bootWeb(Object(Config\Paths))
#15 {main}
CRITICAL - 2024-07-18 12:39:26 --> CodeIgniter\Database\Exceptions\DatabaseException: Column 'zipcode' cannot be null
[Method: POST, Route: property/add_property]
in SYSTEMPATH\Database\BaseConnection.php on line 688.
 1 SYSTEMPATH\Database\BaseBuilder.php(2332): CodeIgniter\Database\BaseConnection->query('INSERT INTO `property` (`name`, `description`, `state`, `city`, `zipcode`, `address`, `built_year`, `total_area`, `price`, `parking`) VALUES (:name:, :description:, :state:, :city:, :zipcode:, :address:, :built_year:, :total_area:, :price:, :parking:)', [...], false)
 2 SYSTEMPATH\Model.php(394): CodeIgniter\Database\BaseBuilder->insert()
 3 SYSTEMPATH\BaseModel.php(840): CodeIgniter\Model->doInsert([...])
 4 SYSTEMPATH\Model.php(802): CodeIgniter\BaseModel->insert([...], false)
 5 SYSTEMPATH\BaseModel.php(751): CodeIgniter\Model->insert([...], false)
 6 APPPATH\Controllers\Property.php(68): CodeIgniter\BaseModel->save([...])
 7 SYSTEMPATH\CodeIgniter.php(933): App\Controllers\Property->add_property()
 8 SYSTEMPATH\CodeIgniter.php(509): CodeIgniter\CodeIgniter->runController(Object(App\Controllers\Property))
 9 SYSTEMPATH\CodeIgniter.php(355): CodeIgniter\CodeIgniter->handleRequest(null, Object(Config\Cache), false)
10 SYSTEMPATH\Boot.php(325): CodeIgniter\CodeIgniter->run()
11 SYSTEMPATH\Boot.php(67): CodeIgniter\Boot::runCodeIgniter(Object(CodeIgniter\CodeIgniter))
12 FCPATH\index.php(56): CodeIgniter\Boot::bootWeb(Object(Config\Paths))
CRITICAL - 2024-07-18 12:39:26 --> [Caused by] CodeIgniter\Database\Exceptions\DatabaseException: Column 'zipcode' cannot be null
in SYSTEMPATH\Database\MySQLi\Connection.php on line 317.
 1 SYSTEMPATH\Database\BaseConnection.php(734): CodeIgniter\Database\MySQLi\Connection->execute('INSERT INTO `property` (`name`, `description`, `state`, `city`, `zipcode`, `address`, `built_year`, `total_area`, `price`, `parking`) VALUES (\'babau\', \'<p>ventilater</p>\', \'7\', \'179\', NULL, NULL, \'66\', \'12\', \'12\', \'available\')')
 2 SYSTEMPATH\Database\BaseConnection.php(648): CodeIgniter\Database\BaseConnection->simpleQuery('INSERT INTO `property` (`name`, `description`, `state`, `city`, `zipcode`, `address`, `built_year`, `total_area`, `price`, `parking`) VALUES (\'babau\', \'<p>ventilater</p>\', \'7\', \'179\', NULL, NULL, \'66\', \'12\', \'12\', \'available\')')
 3 SYSTEMPATH\Database\BaseBuilder.php(2332): CodeIgniter\Database\BaseConnection->query('INSERT INTO `property` (`name`, `description`, `state`, `city`, `zipcode`, `address`, `built_year`, `total_area`, `price`, `parking`) VALUES (:name:, :description:, :state:, :city:, :zipcode:, :address:, :built_year:, :total_area:, :price:, :parking:)', [...], false)
 4 SYSTEMPATH\Model.php(394): CodeIgniter\Database\BaseBuilder->insert()
 5 SYSTEMPATH\BaseModel.php(840): CodeIgniter\Model->doInsert([...])
 6 SYSTEMPATH\Model.php(802): CodeIgniter\BaseModel->insert([...], false)
 7 SYSTEMPATH\BaseModel.php(751): CodeIgniter\Model->insert([...], false)
 8 APPPATH\Controllers\Property.php(68): CodeIgniter\BaseModel->save([...])
 9 SYSTEMPATH\CodeIgniter.php(933): App\Controllers\Property->add_property()
10 SYSTEMPATH\CodeIgniter.php(509): CodeIgniter\CodeIgniter->runController(Object(App\Controllers\Property))
11 SYSTEMPATH\CodeIgniter.php(355): CodeIgniter\CodeIgniter->handleRequest(null, Object(Config\Cache), false)
12 SYSTEMPATH\Boot.php(325): CodeIgniter\CodeIgniter->run()
13 SYSTEMPATH\Boot.php(67): CodeIgniter\Boot::runCodeIgniter(Object(CodeIgniter\CodeIgniter))
14 FCPATH\index.php(56): CodeIgniter\Boot::bootWeb(Object(Config\Paths))
CRITICAL - 2024-07-18 12:39:26 --> [Caused by] mysqli_sql_exception: Column 'zipcode' cannot be null
in SYSTEMPATH\Database\MySQLi\Connection.php on line 312.
 1 SYSTEMPATH\Database\MySQLi\Connection.php(312): mysqli->query('INSERT INTO `property` (`name`, `description`, `state`, `city`, `zipcode`, `address`, `built_year`, `total_area`, `price`, `parking`) VALUES (\'babau\', \'<p>ventilater</p>\', \'7\', \'179\', NULL, NULL, \'66\', \'12\', \'12\', \'available\')', 0)
 2 SYSTEMPATH\Database\BaseConnection.php(734): CodeIgniter\Database\MySQLi\Connection->execute('INSERT INTO `property` (`name`, `description`, `state`, `city`, `zipcode`, `address`, `built_year`, `total_area`, `price`, `parking`) VALUES (\'babau\', \'<p>ventilater</p>\', \'7\', \'179\', NULL, NULL, \'66\', \'12\', \'12\', \'available\')')
 3 SYSTEMPATH\Database\BaseConnection.php(648): CodeIgniter\Database\BaseConnection->simpleQuery('INSERT INTO `property` (`name`, `description`, `state`, `city`, `zipcode`, `address`, `built_year`, `total_area`, `price`, `parking`) VALUES (\'babau\', \'<p>ventilater</p>\', \'7\', \'179\', NULL, NULL, \'66\', \'12\', \'12\', \'available\')')
 4 SYSTEMPATH\Database\BaseBuilder.php(2332): CodeIgniter\Database\BaseConnection->query('INSERT INTO `property` (`name`, `description`, `state`, `city`, `zipcode`, `address`, `built_year`, `total_area`, `price`, `parking`) VALUES (:name:, :description:, :state:, :city:, :zipcode:, :address:, :built_year:, :total_area:, :price:, :parking:)', [...], false)
 5 SYSTEMPATH\Model.php(394): CodeIgniter\Database\BaseBuilder->insert()
 6 SYSTEMPATH\BaseModel.php(840): CodeIgniter\Model->doInsert([...])
 7 SYSTEMPATH\Model.php(802): CodeIgniter\BaseModel->insert([...], false)
 8 SYSTEMPATH\BaseModel.php(751): CodeIgniter\Model->insert([...], false)
 9 APPPATH\Controllers\Property.php(68): CodeIgniter\BaseModel->save([...])
10 SYSTEMPATH\CodeIgniter.php(933): App\Controllers\Property->add_property()
11 SYSTEMPATH\CodeIgniter.php(509): CodeIgniter\CodeIgniter->runController(Object(App\Controllers\Property))
12 SYSTEMPATH\CodeIgniter.php(355): CodeIgniter\CodeIgniter->handleRequest(null, Object(Config\Cache), false)
13 SYSTEMPATH\Boot.php(325): CodeIgniter\CodeIgniter->run()
14 SYSTEMPATH\Boot.php(67): CodeIgniter\Boot::runCodeIgniter(Object(CodeIgniter\CodeIgniter))
15 FCPATH\index.php(56): CodeIgniter\Boot::bootWeb(Object(Config\Paths))
CRITICAL - 2024-07-18 12:56:07 --> CodeIgniter\View\Exceptions\ViewException: Invalid file: "equipments/view_equipments.php"
[Method: GET, Route: view_equipments]
in SYSTEMPATH\Exceptions\FrameworkException.php on line 41.
 1 SYSTEMPATH\View\View.php(222): CodeIgniter\Exceptions\FrameworkException::forInvalidFile('equipments/view_equipments.php')
 2 SYSTEMPATH\Common.php(1171): CodeIgniter\View\View->render('equipments/view_equipments', [], true)
 3 APPPATH\Controllers\Home.php(65): view('equipments/view_equipments')
 4 SYSTEMPATH\CodeIgniter.php(933): App\Controllers\Home->view_equipments()
 5 SYSTEMPATH\CodeIgniter.php(509): CodeIgniter\CodeIgniter->runController(Object(App\Controllers\Home))
 6 SYSTEMPATH\CodeIgniter.php(355): CodeIgniter\CodeIgniter->handleRequest(null, Object(Config\Cache), false)
 7 SYSTEMPATH\Boot.php(325): CodeIgniter\CodeIgniter->run()
 8 SYSTEMPATH\Boot.php(67): CodeIgniter\Boot::runCodeIgniter(Object(CodeIgniter\CodeIgniter))
 9 FCPATH\index.php(56): CodeIgniter\Boot::bootWeb(Object(Config\Paths))
